# JRE version: OpenJDK Runtime Environment Temurin-17.0.12+7 (17.0.12+7) (build 17.0.12+7)
# Java VM: OpenJDK 64-Bit Server VM Temurin-17.0.12+7 (17.0.12+7, mixed mode, tiered, compressed oops, compressed class ptrs, parallel gc, windows-amd64)
GC Precious Log:
 CPUs: 8 total, 8 available
 Memory: 16230M
 Large Page Support: Disabled
 NUMA Support: Disabled
 Compressed Oops: Enabled (32-bit)
 Alignments: Space 512K, Generation 512K, Heap 2M
 Heap Min Capacity: 100M
 Heap Initial Capacity: 100M
 Heap Max Capacity: 1G
 Pre-touch: Disabled
 Parallel Workers: 8
Heap:
 PSYoungGen      total 22528K, used 16393K [0x00000000eab00000, 0x00000000ec780000, 0x0000000100000000)
  eden space 22016K, 72% used [0x00000000eab00000,0x00000000eba82490,0x00000000ec080000)
  from space 512K, 100% used [0x00000000ec700000,0x00000000ec780000,0x00000000ec780000)
  to   space 3072K, 0% used [0x00000000ec180000,0x00000000ec180000,0x00000000ec480000)
 ParOldGen       total 68608K, used 41244K [0x00000000c0000000, 0x00000000c4300000, 0x00000000eab00000)
  object space 68608K, 60% used [0x00000000c0000000,0x00000000c2847040,0x00000000c4300000)
 Metaspace       used 65191K, committed 66304K, reserved 1114112K
  class space    used 7536K, committed 8000K, reserved 1048576K
GC Heap History (20 events):
Event: 115.314 GC heap before
{Heap before GC invocations=27 (full 2):
 PSYoungGen      total 23552K, used 14987K [0x00000000eab00000, 0x00000000ec900000, 0x0000000100000000)
  eden space 22016K, 61% used [0x00000000eab00000,0x00000000eb828d98,0x00000000ec080000)
  from space 1536K, 98% used [0x00000000ec780000,0x00000000ec8fa028,0x00000000ec900000)
  to   space 2560K, 0% used [0x00000000ec400000,0x00000000ec400000,0x00000000ec680000)
 ParOldGen       total 68608K, used 36264K [0x00000000c0000000, 0x00000000c4300000, 0x00000000eab00000)
  object space 68608K, 52% used [0x00000000c0000000,0x00000000c236a038,0x00000000c4300000)
 Metaspace       used 58737K, committed 59776K, reserved 1114112K
  class space    used 6713K, committed 7104K, reserved 1048576K
}
Event: 115.316 GC heap after
{Heap after GC invocations=27 (full 2):
 PSYoungGen      total 24576K, used 480K [0x00000000eab00000, 0x00000000ec800000, 0x0000000100000000)
  eden space 22016K, 0% used [0x00000000eab00000,0x00000000eab00000,0x00000000ec080000)
  from space 2560K, 18% used [0x00000000ec400000,0x00000000ec478000,0x00000000ec680000)
  to   space 1024K, 0% used [0x00000000ec700000,0x00000000ec700000,0x00000000ec800000)
 ParOldGen       total 68608K, used 37668K [0x00000000c0000000, 0x00000000c4300000, 0x00000000eab00000)
  object space 68608K, 54% used [0x00000000c0000000,0x00000000c24c9040,0x00000000c4300000)
 Metaspace       used 58737K, committed 59776K, reserved 1114112K
  class space    used 6713K, committed 7104K, reserved 1048576K
}
Event: 115.316 GC heap before
{Heap before GC invocations=28 (full 3):
 PSYoungGen      total 24576K, used 480K [0x00000000eab00000, 0x00000000ec800000, 0x0000000100000000)
  eden space 22016K, 0% used [0x00000000eab00000,0x00000000eab00000,0x00000000ec080000)
  from space 2560K, 18% used [0x00000000ec400000,0x00000000ec478000,0x00000000ec680000)
  to   space 1024K, 0% used [0x00000000ec700000,0x00000000ec700000,0x00000000ec800000)
 ParOldGen       total 68608K, used 37668K [0x00000000c0000000, 0x00000000c4300000, 0x00000000eab00000)
  object space 68608K, 54% used [0x00000000c0000000,0x00000000c24c9040,0x00000000c4300000)
 Metaspace       used 58737K, committed 59776K, reserved 1114112K
  class space    used 6713K, committed 7104K, reserved 1048576K
}
Event: 115.380 GC heap after
{Heap after GC invocations=28 (full 3):
 PSYoungGen      total 24576K, used 0K [0x00000000eab00000, 0x00000000ec800000, 0x0000000100000000)
  eden space 22016K, 0% used [0x00000000eab00000,0x00000000eab00000,0x00000000ec080000)
  from space 2560K, 0% used [0x00000000ec400000,0x00000000ec400000,0x00000000ec680000)
  to   space 1024K, 0% used [0x00000000ec700000,0x00000000ec700000,0x00000000ec800000)
 ParOldGen       total 68608K, used 36462K [0x00000000c0000000, 0x00000000c4300000, 0x00000000eab00000)
  object space 68608K, 53% used [0x00000000c0000000,0x00000000c239b940,0x00000000c4300000)
 Metaspace       used 58737K, committed 59776K, reserved 1114112K
  class space    used 6713K, committed 7104K, reserved 1048576K
}
Event: 116.233 GC heap before
{Heap before GC invocations=29 (full 3):
 PSYoungGen      total 24576K, used 22016K [0x00000000eab00000, 0x00000000ec800000, 0x0000000100000000)
  eden space 22016K, 100% used [0x00000000eab00000,0x00000000ec080000,0x00000000ec080000)
  from space 2560K, 0% used [0x00000000ec400000,0x00000000ec400000,0x00000000ec680000)
  to   space 1024K, 0% used [0x00000000ec700000,0x00000000ec700000,0x00000000ec800000)
 ParOldGen       total 68608K, used 36462K [0x00000000c0000000, 0x00000000c4300000, 0x00000000eab00000)
  object space 68608K, 53% used [0x00000000c0000000,0x00000000c239b940,0x00000000c4300000)
 Metaspace       used 60881K, committed 61952K, reserved 1114112K
  class space    used 7048K, committed 7488K, reserved 1048576K
}
Event: 116.234 GC heap after
{Heap after GC invocations=29 (full 3):
 PSYoungGen      total 23040K, used 656K [0x00000000eab00000, 0x00000000ec800000, 0x0000000100000000)
  eden space 22016K, 0% used [0x00000000eab00000,0x00000000eab00000,0x00000000ec080000)
  from space 1024K, 64% used [0x00000000ec700000,0x00000000ec7a4010,0x00000000ec800000)
  to   space 1024K, 0% used [0x00000000ec600000,0x00000000ec600000,0x00000000ec700000)
 ParOldGen       total 68608K, used 36470K [0x00000000c0000000, 0x00000000c4300000, 0x00000000eab00000)
  object space 68608K, 53% used [0x00000000c0000000,0x00000000c239d940,0x00000000c4300000)
 Metaspace       used 60881K, committed 61952K, reserved 1114112K
  class space    used 7048K, committed 7488K, reserved 1048576K
}
Event: 136.964 GC heap before
{Heap before GC invocations=30 (full 3):
 PSYoungGen      total 23040K, used 22672K [0x00000000eab00000, 0x00000000ec800000, 0x0000000100000000)
  eden space 22016K, 100% used [0x00000000eab00000,0x00000000ec080000,0x00000000ec080000)
  from space 1024K, 64% used [0x00000000ec700000,0x00000000ec7a4010,0x00000000ec800000)
  to   space 1024K, 0% used [0x00000000ec600000,0x00000000ec600000,0x00000000ec700000)
 ParOldGen       total 68608K, used 36470K [0x00000000c0000000, 0x00000000c4300000, 0x00000000eab00000)
  object space 68608K, 53% used [0x00000000c0000000,0x00000000c239d940,0x00000000c4300000)
 Metaspace       used 62589K, committed 63680K, reserved 1114112K
  class space    used 7256K, committed 7744K, reserved 1048576K
}
Event: 136.967 GC heap after
{Heap after GC invocations=30 (full 3):
 PSYoungGen      total 23040K, used 672K [0x00000000eab00000, 0x00000000ec780000, 0x0000000100000000)
  eden space 22016K, 0% used [0x00000000eab00000,0x00000000eab00000,0x00000000ec080000)
  from space 1024K, 65% used [0x00000000ec600000,0x00000000ec6a8000,0x00000000ec700000)
  to   space 512K, 0% used [0x00000000ec700000,0x00000000ec700000,0x00000000ec780000)
 ParOldGen       total 68608K, used 37005K [0x00000000c0000000, 0x00000000c4300000, 0x00000000eab00000)
  object space 68608K, 53% used [0x00000000c0000000,0x00000000c2423670,0x00000000c4300000)
 Metaspace       used 62589K, committed 63680K, reserved 1114112K
  class space    used 7256K, committed 7744K, reserved 1048576K
}
Event: 137.343 GC heap before
{Heap before GC invocations=31 (full 3):
 PSYoungGen      total 23040K, used 22688K [0x00000000eab00000, 0x00000000ec780000, 0x0000000100000000)
  eden space 22016K, 100% used [0x00000000eab00000,0x00000000ec080000,0x00000000ec080000)
  from space 1024K, 65% used [0x00000000ec600000,0x00000000ec6a8000,0x00000000ec700000)
  to   space 512K, 0% used [0x00000000ec700000,0x00000000ec700000,0x00000000ec780000)
 ParOldGen       total 68608K, used 37005K [0x00000000c0000000, 0x00000000c4300000, 0x00000000eab00000)
  object space 68608K, 53% used [0x00000000c0000000,0x00000000c2423670,0x00000000c4300000)
 Metaspace       used 62639K, committed 63680K, reserved 1114112K
  class space    used 7266K, committed 7744K, reserved 1048576K
}
Event: 137.345 GC heap after
{Heap after GC invocations=31 (full 3):
 PSYoungGen      total 22528K, used 192K [0x00000000eab00000, 0x00000000ec780000, 0x0000000100000000)
  eden space 22016K, 0% used [0x00000000eab00000,0x00000000eab00000,0x00000000ec080000)
  from space 512K, 37% used [0x00000000ec700000,0x00000000ec730000,0x00000000ec780000)
  to   space 512K, 0% used [0x00000000ec680000,0x00000000ec680000,0x00000000ec700000)
 ParOldGen       total 68608K, used 37533K [0x00000000c0000000, 0x00000000c4300000, 0x00000000eab00000)
  object space 68608K, 54% used [0x00000000c0000000,0x00000000c24a7670,0x00000000c4300000)
 Metaspace       used 62639K, committed 63680K, reserved 1114112K
  class space    used 7266K, committed 7744K, reserved 1048576K
}
Event: 137.547 GC heap before
{Heap before GC invocations=32 (full 3):
 PSYoungGen      total 22528K, used 22207K [0x00000000eab00000, 0x00000000ec780000, 0x0000000100000000)
  eden space 22016K, 99% used [0x00000000eab00000,0x00000000ec07ffe0,0x00000000ec080000)
  from space 512K, 37% used [0x00000000ec700000,0x00000000ec730000,0x00000000ec780000)
  to   space 512K, 0% used [0x00000000ec680000,0x00000000ec680000,0x00000000ec700000)
 ParOldGen       total 68608K, used 37533K [0x00000000c0000000, 0x00000000c4300000, 0x00000000eab00000)
  object space 68608K, 54% used [0x00000000c0000000,0x00000000c24a7670,0x00000000c4300000)
 Metaspace       used 62640K, committed 63680K, reserved 1114112K
  class space    used 7266K, committed 7744K, reserved 1048576K
}
Event: 137.548 GC heap after
{Heap after GC invocations=32 (full 3):
 PSYoungGen      total 22528K, used 224K [0x00000000eab00000, 0x00000000ec780000, 0x0000000100000000)
  eden space 22016K, 0% used [0x00000000eab00000,0x00000000eab00000,0x00000000ec080000)
  from space 512K, 43% used [0x00000000ec680000,0x00000000ec6b8000,0x00000000ec700000)
  to   space 512K, 0% used [0x00000000ec700000,0x00000000ec700000,0x00000000ec780000)
 ParOldGen       total 68608K, used 37597K [0x00000000c0000000, 0x00000000c4300000, 0x00000000eab00000)
  object space 68608K, 54% used [0x00000000c0000000,0x00000000c24b7670,0x00000000c4300000)
 Metaspace       used 62640K, committed 63680K, reserved 1114112K
  class space    used 7266K, committed 7744K, reserved 1048576K
}
Event: 137.733 GC heap before
{Heap before GC invocations=33 (full 3):
 PSYoungGen      total 22528K, used 22240K [0x00000000eab00000, 0x00000000ec780000, 0x0000000100000000)
  eden space 22016K, 100% used [0x00000000eab00000,0x00000000ec080000,0x00000000ec080000)
  from space 512K, 43% used [0x00000000ec680000,0x00000000ec6b8000,0x00000000ec700000)
  to   space 512K, 0% used [0x00000000ec700000,0x00000000ec700000,0x00000000ec780000)
 ParOldGen       total 68608K, used 37597K [0x00000000c0000000, 0x00000000c4300000, 0x00000000eab00000)
  object space 68608K, 54% used [0x00000000c0000000,0x00000000c24b7670,0x00000000c4300000)
 Metaspace       used 62644K, committed 63680K, reserved 1114112K
  class space    used 7266K, committed 7744K, reserved 1048576K
}
Event: 137.734 GC heap after
{Heap after GC invocations=33 (full 3):
 PSYoungGen      total 22528K, used 128K [0x00000000eab00000, 0x00000000ec780000, 0x0000000100000000)
  eden space 22016K, 0% used [0x00000000eab00000,0x00000000eab00000,0x00000000ec080000)
  from space 512K, 25% used [0x00000000ec700000,0x00000000ec720000,0x00000000ec780000)
  to   space 512K, 0% used [0x00000000ec680000,0x00000000ec680000,0x00000000ec700000)
 ParOldGen       total 68608K, used 37613K [0x00000000c0000000, 0x00000000c4300000, 0x00000000eab00000)
  object space 68608K, 54% used [0x00000000c0000000,0x00000000c24bb670,0x00000000c4300000)
 Metaspace       used 62644K, committed 63680K, reserved 1114112K
  class space    used 7266K, committed 7744K, reserved 1048576K
}
Event: 137.911 GC heap before
{Heap before GC invocations=34 (full 3):
 PSYoungGen      total 22528K, used 22144K [0x00000000eab00000, 0x00000000ec780000, 0x0000000100000000)
  eden space 22016K, 100% used [0x00000000eab00000,0x00000000ec080000,0x00000000ec080000)
  from space 512K, 25% used [0x00000000ec700000,0x00000000ec720000,0x00000000ec780000)
  to   space 512K, 0% used [0x00000000ec680000,0x00000000ec680000,0x00000000ec700000)
 ParOldGen       total 68608K, used 37613K [0x00000000c0000000, 0x00000000c4300000, 0x00000000eab00000)
  object space 68608K, 54% used [0x00000000c0000000,0x00000000c24bb670,0x00000000c4300000)
 Metaspace       used 62644K, committed 63680K, reserved 1114112K
  class space    used 7266K, committed 7744K, reserved 1048576K
}
Event: 137.911 GC heap after
{Heap after GC invocations=34 (full 3):
 PSYoungGen      total 22528K, used 160K [0x00000000eab00000, 0x00000000ec780000, 0x0000000100000000)
  eden space 22016K, 0% used [0x00000000eab00000,0x00000000eab00000,0x00000000ec080000)
  from space 512K, 31% used [0x00000000ec680000,0x00000000ec6a8000,0x00000000ec700000)
  to   space 512K, 0% used [0x00000000ec700000,0x00000000ec700000,0x00000000ec780000)
 ParOldGen       total 68608K, used 37669K [0x00000000c0000000, 0x00000000c4300000, 0x00000000eab00000)
  object space 68608K, 54% used [0x00000000c0000000,0x00000000c24c9670,0x00000000c4300000)
 Metaspace       used 62644K, committed 63680K, reserved 1114112K
  class space    used 7266K, committed 7744K, reserved 1048576K
}
Event: 138.154 GC heap before
{Heap before GC invocations=35 (full 3):
 PSYoungGen      total 22528K, used 22159K [0x00000000eab00000, 0x00000000ec780000, 0x0000000100000000)
  eden space 22016K, 99% used [0x00000000eab00000,0x00000000ec07bcf8,0x00000000ec080000)
  from space 512K, 31% used [0x00000000ec680000,0x00000000ec6a8000,0x00000000ec700000)
  to   space 512K, 0% used [0x00000000ec700000,0x00000000ec700000,0x00000000ec780000)
 ParOldGen       total 68608K, used 37669K [0x00000000c0000000, 0x00000000c4300000, 0x00000000eab00000)
  object space 68608K, 54% used [0x00000000c0000000,0x00000000c24c9670,0x00000000c4300000)
 Metaspace       used 63089K, committed 64256K, reserved 1114112K
  class space    used 7317K, committed 7808K, reserved 1048576K
}
Event: 138.155 GC heap after
{Heap after GC invocations=35 (full 3):
 PSYoungGen      total 22528K, used 443K [0x00000000eab00000, 0x00000000ec780000, 0x0000000100000000)
  eden space 22016K, 0% used [0x00000000eab00000,0x00000000eab00000,0x00000000ec080000)
  from space 512K, 86% used [0x00000000ec700000,0x00000000ec76ec68,0x00000000ec780000)
  to   space 512K, 0% used [0x00000000ec680000,0x00000000ec680000,0x00000000ec700000)
 ParOldGen       total 68608K, used 37677K [0x00000000c0000000, 0x00000000c4300000, 0x00000000eab00000)
  object space 68608K, 54% used [0x00000000c0000000,0x00000000c24cb670,0x00000000c4300000)
 Metaspace       used 63089K, committed 64256K, reserved 1114112K
  class space    used 7317K, committed 7808K, reserved 1048576K
}
Event: 138.722 GC heap before
{Heap before GC invocations=36 (full 3):
 PSYoungGen      total 22528K, used 22459K [0x00000000eab00000, 0x00000000ec780000, 0x0000000100000000)
  eden space 22016K, 100% used [0x00000000eab00000,0x00000000ec080000,0x00000000ec080000)
  from space 512K, 86% used [0x00000000ec700000,0x00000000ec76ec68,0x00000000ec780000)
  to   space 512K, 0% used [0x00000000ec680000,0x00000000ec680000,0x00000000ec700000)
 ParOldGen       total 68608K, used 37677K [0x00000000c0000000, 0x00000000c4300000, 0x00000000eab00000)
  object space 68608K, 54% used [0x00000000c0000000,0x00000000c24cb670,0x00000000c4300000)
 Metaspace       used 64869K, committed 65920K, reserved 1114112K
  class space    used 7504K, committed 7936K, reserved 1048576K
}
Event: 138.724 GC heap after
{Heap after GC invocations=36 (full 3):
 PSYoungGen      total 22528K, used 496K [0x00000000eab00000, 0x00000000ec780000, 0x0000000100000000)
  eden space 22016K, 0% used [0x00000000eab00000,0x00000000eab00000,0x00000000ec080000)
  from space 512K, 96% used [0x00000000ec680000,0x00000000ec6fc040,0x00000000ec700000)
  to   space 512K, 0% used [0x00000000ec700000,0x00000000ec700000,0x00000000ec780000)
 ParOldGen       total 68608K, used 39152K [0x00000000c0000000, 0x00000000c4300000, 0x00000000eab00000)
  object space 68608K, 57% used [0x00000000c0000000,0x00000000c263c038,0x00000000c4300000)
 Metaspace       used 64869K, committed 65920K, reserved 1114112K
  class space    used 7504K, committed 7936K, reserved 1048576K
}

