# JRE version: Java(TM) SE Runtime Environment (17.0.12+8) (build 17.0.12+8-LTS-286)
# Java VM: Java HotSpot(TM) 64-Bit Server VM (17.0.12+8-LTS-286, mixed mode, sharing, tiered, compressed oops, compressed class ptrs, g1 gc, windows-amd64)
GC Precious Log:
 CPUs: 8 total, 8 available
 Memory: 16230M
 Large Page Support: Disabled
 NUMA Support: Disabled
 Compressed Oops: Enabled (32-bit)
 Heap Region Size: 1M
 Heap Min Capacity: 8M
 Heap Initial Capacity: 254M
 Heap Max Capacity: 2G
 Pre-touch: Disabled
 Parallel Workers: 8
 Concurrent Workers: 2
 Concurrent Refinement Workers: 8
 Periodic GC: Disabled
Heap:
 garbage-first heap   total 119808K, used 67417K [0x0000000080000000, 0x0000000100000000)
  region size 1024K, 9 young (9216K), 5 survivors (5120K)
 Metaspace       used 62179K, committed 62784K, reserved 491520K
  class space    used 8805K, committed 9088K, reserved 425984K
GC Heap History (20 events):
Event: 14.433 GC heap before
{Heap before GC invocations=11 (full 0):
 garbage-first heap   total 81920K, used 64132K [0x0000000080000000, 0x0000000100000000)
  region size 1024K, 32 young (32768K), 3 survivors (3072K)
 Metaspace       used 39853K, committed 40320K, reserved 491520K
  class space    used 5635K, committed 5824K, reserved 425984K
}
Event: 14.438 GC heap after
{Heap after GC invocations=12 (full 0):
 garbage-first heap   total 81920K, used 35984K [0x0000000080000000, 0x0000000100000000)
  region size 1024K, 3 young (3072K), 3 survivors (3072K)
 Metaspace       used 39853K, committed 40320K, reserved 491520K
  class space    used 5635K, committed 5824K, reserved 425984K
}
Event: 15.179 GC heap before
{Heap before GC invocations=12 (full 0):
 garbage-first heap   total 81920K, used 64656K [0x0000000080000000, 0x0000000100000000)
  region size 1024K, 31 young (31744K), 3 survivors (3072K)
 Metaspace       used 42850K, committed 43392K, reserved 491520K
  class space    used 6106K, committed 6336K, reserved 425984K
}
Event: 15.184 GC heap after
{Heap after GC invocations=13 (full 0):
 garbage-first heap   total 81920K, used 37469K [0x0000000080000000, 0x0000000100000000)
  region size 1024K, 3 young (3072K), 3 survivors (3072K)
 Metaspace       used 42850K, committed 43392K, reserved 491520K
  class space    used 6106K, committed 6336K, reserved 425984K
}
Event: 16.094 GC heap before
{Heap before GC invocations=13 (full 0):
 garbage-first heap   total 81920K, used 66141K [0x0000000080000000, 0x0000000100000000)
  region size 1024K, 31 young (31744K), 3 survivors (3072K)
 Metaspace       used 45821K, committed 46272K, reserved 491520K
  class space    used 6572K, committed 6784K, reserved 425984K
}
Event: 16.099 GC heap after
{Heap after GC invocations=14 (full 0):
 garbage-first heap   total 81920K, used 40000K [0x0000000080000000, 0x0000000100000000)
  region size 1024K, 4 young (4096K), 4 survivors (4096K)
 Metaspace       used 45821K, committed 46272K, reserved 491520K
  class space    used 6572K, committed 6784K, reserved 425984K
}
Event: 16.323 GC heap before
{Heap before GC invocations=14 (full 0):
 garbage-first heap   total 81920K, used 47168K [0x0000000080000000, 0x0000000100000000)
  region size 1024K, 13 young (13312K), 4 survivors (4096K)
 Metaspace       used 46702K, committed 47232K, reserved 491520K
  class space    used 6735K, committed 6976K, reserved 425984K
}
Event: 16.326 GC heap after
{Heap after GC invocations=15 (full 0):
 garbage-first heap   total 81920K, used 41171K [0x0000000080000000, 0x0000000100000000)
  region size 1024K, 2 young (2048K), 2 survivors (2048K)
 Metaspace       used 46702K, committed 47232K, reserved 491520K
  class space    used 6735K, committed 6976K, reserved 425984K
}
Event: 16.969 GC heap before
{Heap before GC invocations=16 (full 0):
 garbage-first heap   total 81920K, used 63699K [0x0000000080000000, 0x0000000100000000)
  region size 1024K, 23 young (23552K), 2 survivors (2048K)
 Metaspace       used 48609K, committed 49152K, reserved 491520K
  class space    used 6904K, committed 7168K, reserved 425984K
}
Event: 16.974 GC heap after
{Heap after GC invocations=17 (full 0):
 garbage-first heap   total 81920K, used 42472K [0x0000000080000000, 0x0000000100000000)
  region size 1024K, 3 young (3072K), 3 survivors (3072K)
 Metaspace       used 48609K, committed 49152K, reserved 491520K
  class space    used 6904K, committed 7168K, reserved 425984K
}
Event: 17.515 GC heap before
{Heap before GC invocations=18 (full 0):
 garbage-first heap   total 81920K, used 66024K [0x0000000080000000, 0x0000000100000000)
  region size 1024K, 23 young (23552K), 3 survivors (3072K)
 Metaspace       used 50922K, committed 51648K, reserved 491520K
  class space    used 7206K, committed 7552K, reserved 425984K
}
Event: 17.518 GC heap after
{Heap after GC invocations=19 (full 0):
 garbage-first heap   total 81920K, used 48327K [0x0000000080000000, 0x0000000100000000)
  region size 1024K, 2 young (2048K), 2 survivors (2048K)
 Metaspace       used 50922K, committed 51648K, reserved 491520K
  class space    used 7206K, committed 7552K, reserved 425984K
}
Event: 17.843 GC heap before
{Heap before GC invocations=20 (full 0):
 garbage-first heap   total 99328K, used 73927K [0x0000000080000000, 0x0000000100000000)
  region size 1024K, 20 young (20480K), 2 survivors (2048K)
 Metaspace       used 52290K, committed 52928K, reserved 491520K
  class space    used 7401K, committed 7744K, reserved 425984K
}
Event: 17.846 GC heap after
{Heap after GC invocations=21 (full 0):
 garbage-first heap   total 119808K, used 58344K [0x0000000080000000, 0x0000000100000000)
  region size 1024K, 2 young (2048K), 2 survivors (2048K)
 Metaspace       used 52290K, committed 52928K, reserved 491520K
  class space    used 7401K, committed 7744K, reserved 425984K
}
Event: 18.266 GC heap before
{Heap before GC invocations=21 (full 0):
 garbage-first heap   total 119808K, used 88040K [0x0000000080000000, 0x0000000100000000)
  region size 1024K, 31 young (31744K), 2 survivors (2048K)
 Metaspace       used 55603K, committed 56192K, reserved 491520K
  class space    used 7834K, committed 8128K, reserved 425984K
}
Event: 18.271 GC heap after
{Heap after GC invocations=22 (full 0):
 garbage-first heap   total 119808K, used 59564K [0x0000000080000000, 0x0000000100000000)
  region size 1024K, 3 young (3072K), 3 survivors (3072K)
 Metaspace       used 55603K, committed 56192K, reserved 491520K
  class space    used 7834K, committed 8128K, reserved 425984K
}
Event: 18.825 GC heap before
{Heap before GC invocations=23 (full 0):
 garbage-first heap   total 119808K, used 90284K [0x0000000080000000, 0x0000000100000000)
  region size 1024K, 33 young (33792K), 3 survivors (3072K)
 Metaspace       used 58419K, committed 59072K, reserved 491520K
  class space    used 8292K, committed 8576K, reserved 425984K
}
Event: 18.829 GC heap after
{Heap after GC invocations=24 (full 0):
 garbage-first heap   total 119808K, used 61064K [0x0000000080000000, 0x0000000100000000)
  region size 1024K, 3 young (3072K), 3 survivors (3072K)
 Metaspace       used 58419K, committed 59072K, reserved 491520K
  class space    used 8292K, committed 8576K, reserved 425984K
}
Event: 19.341 GC heap before
{Heap before GC invocations=24 (full 0):
 garbage-first heap   total 119808K, used 92808K [0x0000000080000000, 0x0000000100000000)
  region size 1024K, 34 young (34816K), 3 survivors (3072K)
 Metaspace       used 60493K, committed 61120K, reserved 491520K
  class space    used 8574K, committed 8896K, reserved 425984K
}
Event: 19.345 GC heap after
{Heap after GC invocations=25 (full 0):
 garbage-first heap   total 119808K, used 61897K [0x0000000080000000, 0x0000000100000000)
  region size 1024K, 3 young (3072K), 3 survivors (3072K)
 Metaspace       used 60493K, committed 61120K, reserved 491520K
  class space    used 8574K, committed 8896K, reserved 425984K
}

